# JRE version: Java(TM) SE Runtime Environment (8.0_60-b27) (build 1.8.0_60-b27)
# Java VM: Java HotSpot(TM) 64-Bit Server VM (25.60-b23 mixed mode windows-amd64 compressed oops)
Heap:
 PSYoungGen      total 771584K, used 78183K [0x000000076b180000, 0x00000007b3a80000, 0x00000007c0000000)
  eden space 695296K, 2% used [0x000000076b180000,0x000000076c3626d0,0x0000000795880000)
  from space 76288K, 78% used [0x00000007a1200000,0x00000007a4c776a8,0x00000007a5c80000)
  to   space 189952K, 0% used [0x0000000795880000,0x0000000795880000,0x00000007a1200000)
 ParOldGen       total 603136K, used 362355K [0x00000006c1400000, 0x00000006e6100000, 0x000000076b180000)
  object space 603136K, 60% used [0x00000006c1400000,0x00000006d75dcdb0,0x00000006e6100000)
 Metaspace       used 14048K, capacity 14274K, committed 14592K, reserved 1062912K
  class space    used 1338K, capacity 1410K, committed 1536K, reserved 1048576K
GC Heap History (10 events):
Event: 1.698 GC heap before
{Heap before GC invocations=7 (full 0):
 PSYoungGen      total 283648K, used 280432K [0x000000076b180000, 0x000000077e580000, 0x00000007c0000000)
  eden space 259584K, 100% used [0x000000076b180000,0x000000077af00000,0x000000077af00000)
  from space 24064K, 86% used [0x000000077c900000,0x000000077dd5c120,0x000000077e080000)
  to   space 26624K, 0% used [0x000000077af00000,0x000000077af00000,0x000000077c900000)
 ParOldGen       total 175104K, used 19728K [0x00000006c1400000, 0x00000006cbf00000, 0x000000076b180000)
  object space 175104K, 11% used [0x00000006c1400000,0x00000006c2744000,0x00000006cbf00000)
 Metaspace       used 13850K, capacity 14050K, committed 14208K, reserved 1062912K
  class space    used 1319K, capacity 1378K, committed 1408K, reserved 1048576K
Event: 1.736 GC heap after
Heap after GC invocations=7 (full 0):
 PSYoungGen      total 286208K, used 26596K [0x000000076b180000, 0x000000078f880000, 0x00000007c0000000)
  eden space 259584K, 0% used [0x000000076b180000,0x000000076b180000,0x000000077af00000)
  from space 26624K, 99% used [0x000000077af00000,0x000000077c8f9030,0x000000077c900000)
  to   space 38912K, 0% used [0x000000078d280000,0x000000078d280000,0x000000078f880000)
 ParOldGen       total 175104K, used 36423K [0x00000006c1400000, 0x00000006cbf00000, 0x000000076b180000)
  object space 175104K, 20% used [0x00000006c1400000,0x00000006c3791cd0,0x00000006cbf00000)
 Metaspace       used 13850K, capacity 14050K, committed 14208K, reserved 1062912K
  class space    used 1319K, capacity 1378K, committed 1408K, reserved 1048576K
}
Event: 1.850 GC heap before
{Heap before GC invocations=8 (full 0):
 PSYoungGen      total 286208K, used 286180K [0x000000076b180000, 0x000000078f880000, 0x00000007c0000000)
  eden space 259584K, 100% used [0x000000076b180000,0x000000077af00000,0x000000077af00000)
  from space 26624K, 99% used [0x000000077af00000,0x000000077c8f9030,0x000000077c900000)
  to   space 38912K, 0% used [0x000000078d280000,0x000000078d280000,0x000000078f880000)
 ParOldGen       total 175104K, used 36423K [0x00000006c1400000, 0x00000006cbf00000, 0x000000076b180000)
  object space 175104K, 20% used [0x00000006c1400000,0x00000006c3791cd0,0x00000006cbf00000)
 Metaspace       used 13850K, capacity 14050K, committed 14208K, reserved 1062912K
  class space    used 1319K, capacity 1378K, committed 1408K, reserved 1048576K
Event: 1.890 GC heap after
Heap after GC invocations=8 (full 0):
 PSYoungGen      total 544256K, used 38884K [0x000000076b180000, 0x0000000791380000, 0x00000007c0000000)
  eden space 505344K, 0% used [0x000000076b180000,0x000000076b180000,0x0000000789f00000)
  from space 38912K, 99% used [0x000000078d280000,0x000000078f879030,0x000000078f880000)
  to   space 52736K, 0% used [0x0000000789f00000,0x0000000789f00000,0x000000078d280000)
 ParOldGen       total 175104K, used 53599K [0x00000006c1400000, 0x00000006cbf00000, 0x000000076b180000)
  object space 175104K, 30% used [0x00000006c1400000,0x00000006c4857cd0,0x00000006cbf00000)
 Metaspace       used 13850K, capacity 14050K, committed 14208K, reserved 1062912K
  class space    used 1319K, capacity 1378K, committed 1408K, reserved 1048576K
}
Event: 2.153 GC heap before
{Heap before GC invocations=9 (full 0):
 PSYoungGen      total 544256K, used 544228K [0x000000076b180000, 0x0000000791380000, 0x00000007c0000000)
  eden space 505344K, 100% used [0x000000076b180000,0x0000000789f00000,0x0000000789f00000)
  from space 38912K, 99% used [0x000000078d280000,0x000000078f879030,0x000000078f880000)
  to   space 52736K, 0% used [0x0000000789f00000,0x0000000789f00000,0x000000078d280000)
 ParOldGen       total 175104K, used 53599K [0x00000006c1400000, 0x00000006cbf00000, 0x000000076b180000)
  object space 175104K, 30% used [0x00000006c1400000,0x00000006c4857cd0,0x00000006cbf00000)
 Metaspace       used 13850K, capacity 14050K, committed 14208K, reserved 1062912K
  class space    used 1319K, capacity 1378K, committed 1408K, reserved 1048576K
Event: 2.213 GC heap after
Heap after GC invocations=9 (full 0):
 PSYoungGen      total 558080K, used 52722K [0x000000076b180000, 0x00000007a5c80000, 0x00000007c0000000)
  eden space 505344K, 0% used [0x000000076b180000,0x000000076b180000,0x0000000789f00000)
  from space 52736K, 99% used [0x0000000789f00000,0x000000078d27c828,0x000000078d280000)
  to   space 76288K, 0% used [0x00000007a1200000,0x00000007a1200000,0x00000007a5c80000)
 ParOldGen       total 175104K, used 89889K [0x00000006c1400000, 0x00000006cbf00000, 0x000000076b180000)
  object space 175104K, 51% used [0x00000006c1400000,0x00000006c6bc84d8,0x00000006cbf00000)
 Metaspace       used 13850K, capacity 14050K, committed 14208K, reserved 1062912K
  class space    used 1319K, capacity 1378K, committed 1408K, reserved 1048576K
}
Event: 3.283 GC heap before
{Heap before GC invocations=10 (full 0):
 PSYoungGen      total 558080K, used 558066K [0x000000076b180000, 0x00000007a5c80000, 0x00000007c0000000)
  eden space 505344K, 100% used [0x000000076b180000,0x0000000789f00000,0x0000000789f00000)
  from space 52736K, 99% used [0x0000000789f00000,0x000000078d27c828,0x000000078d280000)
  to   space 76288K, 0% used [0x00000007a1200000,0x00000007a1200000,0x00000007a5c80000)
 ParOldGen       total 175104K, used 89889K [0x00000006c1400000, 0x00000006cbf00000, 0x000000076b180000)
  object space 175104K, 51% used [0x00000006c1400000,0x00000006c6bc84d8,0x00000006cbf00000)
 Metaspace       used 13876K, capacity 14050K, committed 14208K, reserved 1062912K
  class space    used 1322K, capacity 1378K, committed 1408K, reserved 1048576K
Event: 3.508 GC heap after
Heap after GC invocations=10 (full 0):
 PSYoungGen      total 771584K, used 76259K [0x000000076b180000, 0x00000007b3a80000, 0x00000007c0000000)
  eden space 695296K, 0% used [0x000000076b180000,0x000000076b180000,0x0000000795880000)
  from space 76288K, 99% used [0x00000007a1200000,0x00000007a5c78fd8,0x00000007a5c80000)
  to   space 189952K, 0% used [0x0000000795880000,0x0000000795880000,0x00000007a1200000)
 ParOldGen       total 364032K, used 363410K [0x00000006c1400000, 0x00000006d7780000, 0x000000076b180000)
  object space 364032K, 99% used [0x00000006c1400000,0x00000006d76e4a20,0x00000006d7780000)
 Metaspace       used 13876K, capacity 14050K, committed 14208K, reserved 1062912K
  class space    used 1322K, capacity 1378K, committed 1408K, reserved 1048576K
}
Event: 3.508 GC heap before
{Heap before GC invocations=11 (full 1):
 PSYoungGen      total 771584K, used 76259K [0x000000076b180000, 0x00000007b3a80000, 0x00000007c0000000)
  eden space 695296K, 0% used [0x000000076b180000,0x000000076b180000,0x0000000795880000)
  from space 76288K, 99% used [0x00000007a1200000,0x00000007a5c78fd8,0x00000007a5c80000)
  to   space 189952K, 0% used [0x0000000795880000,0x0000000795880000,0x00000007a1200000)
 ParOldGen       total 364032K, used 363410K [0x00000006c1400000, 0x00000006d7780000, 0x000000076b180000)
  object space 364032K, 99% used [0x00000006c1400000,0x00000006d76e4a20,0x00000006d7780000)
 Metaspace       used 13876K, capacity 14050K, committed 14208K, reserved 1062912K
  class space    used 1322K, capacity 1378K, committed 1408K, reserved 1048576K
Event: 7.092 GC heap after
Heap after GC invocations=11 (full 1):
 PSYoungGen      total 771584K, used 59869K [0x000000076b180000, 0x00000007b3a80000, 0x00000007c0000000)
  eden space 695296K, 0% used [0x000000076b180000,0x000000076b180000,0x0000000795880000)
  from space 76288K, 78% used [0x00000007a1200000,0x00000007a4c776a8,0x00000007a5c80000)
  to   space 189952K, 0% used [0x0000000795880000,0x0000000795880000,0x00000007a1200000)
 ParOldGen       total 603136K, used 362355K [0x00000006c1400000, 0x00000006e6100000, 0x000000076b180000)
  object space 603136K, 60% used [0x00000006c1400000,0x00000006d75dcdb0,0x00000006e6100000)
 Metaspace       used 13876K, capacity 14050K, committed 14208K, reserved 1062912K
  class space    used 1322K, capacity 1378K, committed 1408K, reserved 1048576K
}

